[cargo-make] INFO - makers 0.36.13
[cargo-make] INFO - Calling cargo metadata to extract project info
[cargo-make] INFO - Cargo metadata done
[cargo-make] INFO - Project: server
[cargo-make] INFO - Build File: Makefile.toml
[cargo-make] INFO - Task: watch
[cargo-make] INFO - Profile: development
[cargo-make] INFO - Running Task: legacy-migration
[cargo-make] INFO - Execute Command: "cargo" "watch" "-x" "run"
[Running 'cargo run']
[Running 'cargo run']
[Running 'cargo run']
[Running 'cargo run']
[Finished running. Exit status: 101]
[Running 'cargo run']
[Finished running. Exit status: 101]
[Running 'cargo run']
[Finished running. Exit status: 101]
[Running 'cargo run']
[Running 'cargo run']
[Running 'cargo run']
[Running 'cargo run']
[Finished running. Exit status: 101]
[Running 'cargo run']
[Running 'cargo run']
[Finished running. Exit status: 101]
[Running 'cargo run']
[Finished running. Exit status: 101]
[Running 'cargo run']
[Finished running. Exit status: 101]
[Running 'cargo run']
[Finished running. Exit status: 101]
[Running 'cargo run']
[Finished running. Exit status: 101]
[Running 'cargo run']
[Finished running. Exit status: 101]
[Running 'cargo run']
[Finished running. Exit status: 101]
[Running 'cargo run']
[Finished running. Exit status: 101]
[Running 'cargo run']
[Finished running. Exit status: 101]
[Running 'cargo run']
[Running 'cargo run']
[Running 'cargo run']
[Running 'cargo run']
[Running 'cargo run']
[Running 'cargo run']
[Running 'cargo run']
[Finished running. Exit status: 101]
[Running 'cargo run']
[Finished running. Exit status: 101]
[Running 'cargo run']
[Running 'cargo run']
[Running 'cargo run']
[Running 'cargo run']
[Running 'cargo run']
[Running 'cargo run']
[Running 'cargo run']
[Finished running. Exit status: 101]
[Running 'cargo run']
[Finished running. Exit status: 101]
[Running 'cargo run']
[Finished running. Exit status: 101]
[Running 'cargo run']
[Finished running. Exit status: 101]
[Running 'cargo run']
[Finished running. Exit status: 101]
[Running 'cargo run']
[Finished running. Exit status: 101]
[Running 'cargo run']
[Finished running. Exit status: 101]
[Running 'cargo run']
[Finished running. Exit status: 101]
[Running 'cargo run']
[Finished running. Exit status: 101]
[Running 'cargo run']
[Finished running. Exit status: 101]
[Running 'cargo run']
[Finished running. Exit status: 101]
[Running 'cargo run']
[Running 'cargo run']
[Finished running. Exit status: 101]
[Running 'cargo run']
[Finished running. Exit status: 101]
[Running 'cargo run']
[Running 'cargo run']
[Running 'cargo run']
[Finished running. Exit status: 101]
[Running 'cargo run']
[Finished running. Exit status: 101]
[Running 'cargo run']
[Finished running. Exit status: 101]
[Running 'cargo run']
[Finished running. Exit status: 101]
[Running 'cargo run']
[Finished running. Exit status: 101]
[Running 'cargo run']
[Finished running. Exit status: 101]
[Running 'cargo run']
[Finished running. Exit status: 101]
[Running 'cargo run']
[Finished running. Exit status: 101]
[Running 'cargo run']
[Finished running. Exit status: 101]
[Running 'cargo run']
[Finished running. Exit status: 101]
[Running 'cargo run']
[Finished running. Exit status: 101]
[Running 'cargo run']
[Finished running. Exit status: 101]
[Running 'cargo run']
[Finished running. Exit status: 101]
[Running 'cargo run']
[Finished running. Exit status: 101]
[Running 'cargo run']
[Finished running. Exit status: 101]
[Running 'cargo run']
[Finished running. Exit status: 101]
[Running 'cargo run']
[Finished running. Exit status: 101]
[Running 'cargo run']
[Finished running. Exit status: 101]
[Running 'cargo run']
[Finished running. Exit status: 101]
[Running 'cargo run']
[Finished running. Exit status: 101]
[Running 'cargo run']
[Finished running. Exit status: 101]
[Running 'cargo run']
[Finished running. Exit status: 101]
[Running 'cargo run']
[Finished running. Exit status: 101]
[Running 'cargo run']
[Finished running. Exit status: 101]
[Running 'cargo run']
[Finished running. Exit status: 101]
[Running 'cargo run']
[Finished running. Exit status: 101]
[Running 'cargo run']
[Finished running. Exit status: 101]
[Running 'cargo run']
[Finished running. Exit status: 101]
[Running 'cargo run']
[Finished running. Exit status: 101]
[Running 'cargo run']
[Finished running. Exit status: 101]
[Running 'cargo run']
[Finished running. Exit status: 101]
[Running 'cargo run']
[Finished running. Exit status: 101]
[Running 'cargo run']
[Finished running. Exit status: 101]
[Running 'cargo run']
[Finished running. Exit status: 101]
[Running 'cargo run']
[Finished running. Exit status: 101]
[Running 'cargo run']
[Finished running. Exit status: 101]
[Running 'cargo run']
[Finished running. Exit status: 101]
[Running 'cargo run']
[Finished running. Exit status: 101]
[Running 'cargo run']
[Finished running. Exit status: 101]
[Running 'cargo run']
[Finished running. Exit status: 101]
[Running 'cargo run']
[Finished running. Exit status: 101]
[Running 'cargo run']
[Finished running. Exit status: 101]
[Running 'cargo run']
[Finished running. Exit status: 101]
[Running 'cargo run']
[Finished running. Exit status: 101]
[Running 'cargo run']
[Finished running. Exit status: 101]
[Running 'cargo run']
[Finished running. Exit status: 101]
[Running 'cargo run']
[Finished running. Exit status: 101]
[Running 'cargo run']
[Finished running. Exit status: 101]
[Running 'cargo run']
[Finished running. Exit status: 101]
[Running 'cargo run']
[Finished running. Exit status: 101]
[Running 'cargo run']
[Finished running. Exit status: 101]
[Running 'cargo run']
[Finished running. Exit status: 101]
[Running 'cargo run']
[Finished running. Exit status: 101]
[Running 'cargo run']
[Finished running. Exit status: 101]
[Running 'cargo run']
[Finished running. Exit status: 101]
[Running 'cargo run']
[Finished running. Exit status: 101]
[Running 'cargo run']
[Finished running. Exit status: 101]
[Running 'cargo run']
[Finished running. Exit status: 101]
[Running 'cargo run']
[Finished running. Exit status: 101]
[Running 'cargo run']
[Finished running. Exit status: 101]
[Running 'cargo run']
[Finished running. Exit status: 101]
[Running 'cargo run']
[Finished running. Exit status: 101]
[Running 'cargo run']
[Finished running. Exit status: 101]
[Running 'cargo run']
[Finished running. Exit status: 101]
[Running 'cargo run']
[Finished running. Exit status: 101]
[Running 'cargo run']
[Finished running. Exit status: 101]
[Running 'cargo run']
[Finished running. Exit status: 101]
[Running 'cargo run']
[Finished running. Exit status: 101]
[Running 'cargo run']
[Finished running. Exit status: 101]
[Running 'cargo run']
[Finished running. Exit status: 101]
[Running 'cargo run']
[Finished running. Exit status: 101]
[Running 'cargo run']
[Finished running. Exit status: 101]
[Running 'cargo run']
[Finished running. Exit status: 101]
[Running 'cargo run']
[Finished running. Exit status: 101]
[Running 'cargo run']
[Finished running. Exit status: 101]
[Running 'cargo run']
[Finished running. Exit status: 101]
[Running 'cargo run']
[Finished running. Exit status: 101]
[Running 'cargo run']
[Finished running. Exit status: 101]
[Running 'cargo run']
[Finished running. Exit status: 101]
[Running 'cargo run']
[Finished running. Exit status: 101]
[Running 'cargo run']
[Finished running. Exit status: 101]
[Running 'cargo run']
[Finished running. Exit status: 101]
[Running 'cargo run']
[Finished running. Exit status: 101]
[Running 'cargo run']
[Finished running. Exit status: 101]
[Running 'cargo run']
[Finished running. Exit status: 101]
[Running 'cargo run']
[Finished running. Exit status: 101]
[Running 'cargo run']
